<?xml version="1.0" encoding="UTF-8"?>
<!-- Generated by org.testng.reporters.JUnitReportReporter -->
<testsuite hostname="DESKTOP-P8351SK" failures="0" tests="1" name="dataDrivenUsingCsv.CSVFileReading" time="22.687" errors="0" timestamp="2023-05-24T10:07:06 IST" skipped="0">
  <testcase classname="dataDrivenUsingCsv.CSVFileReading" name="locatorsTestingBlog" time="22.687"/>
  <system-out/>
</testsuite> <!-- dataDrivenUsingCsv.CSVFileReading -->
