<?xml version="1.0" encoding="UTF-8"?>
<!-- Generated by org.testng.reporters.JUnitReportReporter -->
<testsuite hostname="DESKTOP-P8351SK" failures="0" tests="1" name="waitsExamples.ImplicitWaitAssignment" time="63.422" errors="0" timestamp="2023-05-24T18:56:18 IST" skipped="0">
  <testcase classname="waitsExamples.ImplicitWaitAssignment" name="TestSpicejetFlow" time="63.422"/>
  <system-out/>
</testsuite> <!-- waitsExamples.ImplicitWaitAssignment -->
