<?xml version="1.0" encoding="UTF-8"?>
<!-- Generated by org.testng.reporters.JUnitReportReporter -->
<testsuite hostname="DESKTOP-P8351SK" failures="0" tests="1" name="dataDrivenUsingCsv.CSVAssignment" time="18.741" errors="0" timestamp="2023-05-24T14:35:25 IST" skipped="0">
  <testcase classname="dataDrivenUsingCsv.CSVAssignment" name="locatorsTestingBlog" time="18.741"/>
  <system-out/>
</testsuite> <!-- dataDrivenUsingCsv.CSVAssignment -->
